1449,2254420107424
1429,5752398439627
1429,5752398439627
1429,5752398439627
1429,5752398439627
1429,5752398439627
1429,5752398439627
1397,6247112542587
1397,6247112542587
1397,6247112542587
1397,6247112542587
1397,6247112542587
1397,6247112542587
1397,6247112542587
1397,6247112542587
1380,071946532783
1380,071946532783
1380,071946532783
1380,071946532783
1380,071946532783
1380,071946532783
1380,071946532783
1377,9054373979761
1377,9054373979761
1377,9054373979761
1377,9054373979761
1377,9054373979761
1377,9054373979761
1377,9054373979761
1352,7974991334586
1352,7974991334586
1352,7974991334586
1352,7974991334586
1352,7974991334586
1352,7974991334586
1352,7974991334586
1352,7974991334586
1352,7974991334586
1352,7974991334586
1352,7974991334586
1341,7523129439112
1341,7523129439112
1341,7523129439112
1309,0887422895717
1309,0887422895717
1309,0887422895717
1309,0887422895717
1309,0887422895717
1309,0887422895717
1309,0887422895717
1309,0887422895717
1309,0887422895717
1309,0887422895717
1309,0887422895717
1309,0887422895717
1309,0887422895717
1309,0887422895717
1309,0887422895717
1309,0887422895717
1309,0887422895717
1116,4511640692122
1116,4511640692122
1116,4511640692122
1116,4511640692122
1116,4511640692122
1116,4511640692122
1116,4511640692122
1116,4511640692122
1116,4511640692122
1116,4511640692122
1116,4511640692122
1116,4511640692122
1116,4511640692122
1116,4511640692122
1116,4511640692122
1116,4511640692122
1116,4511640692122
1116,4511640692122
1116,4511640692122
1116,4511640692122
1116,4511640692122
1116,4511640692122
1116,4511640692122
1116,4511640692122
1116,4511640692122
1116,4511640692122
1116,4511640692122
1116,4511640692122
1116,4511640692122
1116,4511640692122
1116,4511640692122
1116,4511640692122
1116,4511640692122
1116,4511640692122
1116,4511640692122
1116,4511640692122
1116,4511640692122
1116,4511640692122
1116,4511640692122
1116,4511640692122
1116,4511640692122
1116,4511640692122
1116,4511640692122
1116,4511640692122
1116,4511640692122
1116,4511640692122
1116,4511640692122
1116,4511640692122
1116,4511640692122
1116,4511640692122
1116,4511640692122
1116,4511640692122
1116,4511640692122
1116,4511640692122
1116,4511640692122
1116,4511640692122
1116,4511640692122
1116,4511640692122
1116,4511640692122
1116,4511640692122
1116,4511640692122
1116,4511640692122
1116,4511640692122
1116,4511640692122
1116,4511640692122
1116,4511640692122
1116,4511640692122
1116,4511640692122
1116,4511640692122
1116,4511640692122
1116,4511640692122
1116,4511640692122
1116,4511640692122
1116,4511640692122
1116,4511640692122
1116,4511640692122
1116,4511640692122
1116,4511640692122
1116,4511640692122
1116,4511640692122
1116,4511640692122
1116,4511640692122
1116,4511640692122
1116,4511640692122
1116,4511640692122
1116,4511640692122
1116,4511640692122
1116,4511640692122
1116,4511640692122
1116,4511640692122
1116,4511640692122
1116,4511640692122
1116,4511640692122
1116,4511640692122
1116,4511640692122
1116,4511640692122
1116,4511640692122
1116,4511640692122
1116,4511640692122
1116,4511640692122
1116,4511640692122
1116,4511640692122
1116,4511640692122
1116,4511640692122
1116,4511640692122
1116,4511640692122
1116,4511640692122
1116,4511640692122
1116,4511640692122
1116,4511640692122
1116,4511640692122
1116,4511640692122
1116,4511640692122
1116,4511640692122
1116,4511640692122
1116,4511640692122
1116,4511640692122
1116,4511640692122
1116,4511640692122
1116,4511640692122
1116,4511640692122
1116,4511640692122
1116,4511640692122
1116,4511640692122
1116,4511640692122
1116,4511640692122
1116,4511640692122
1116,4511640692122
1116,4511640692122
1116,4511640692122
1116,4511640692122
1116,4511640692122
1116,4511640692122
1116,4511640692122
1116,4511640692122
1116,4511640692122
1116,4511640692122
1116,4511640692122
1116,4511640692122
1116,4511640692122
1116,4511640692122
1116,4511640692122
1116,4511640692122
1116,4511640692122
1116,4511640692122
1116,4511640692122
1116,4511640692122
1116,4511640692122
1116,4511640692122
1116,4511640692122
1116,4511640692122
1116,4511640692122
1116,4511640692122
1116,4511640692122
1116,4511640692122
1116,4511640692122
1116,4511640692122
1116,4511640692122
1116,4511640692122
1116,4511640692122
1116,4511640692122
1116,4511640692122
1116,4511640692122
1116,4511640692122
1116,4511640692122
1116,4511640692122
1116,4511640692122
1116,4511640692122
1116,4511640692122
1116,4511640692122
1116,4511640692122
1116,4511640692122
1116,4511640692122
1116,4511640692122
1116,4511640692122
1116,4511640692122
1116,4511640692122
1116,4511640692122
1116,4511640692122
1116,4511640692122
1116,4511640692122
1116,4511640692122
1116,4511640692122
1116,4511640692122
1116,4511640692122
1116,4511640692122
1116,4511640692122
1116,4511640692122
1116,4511640692122
1116,4511640692122
1116,4511640692122
1116,4511640692122
1116,4511640692122
1116,4511640692122
1116,4511640692122
1116,4511640692122
1116,4511640692122
1116,4511640692122
1116,4511640692122
1116,4511640692122
1116,4511640692122
1116,4511640692122
1116,4511640692122
1116,4511640692122
1116,4511640692122
1116,4511640692122
1116,4511640692122
1116,4511640692122
1116,4511640692122
1116,4511640692122
1116,4511640692122
1116,4511640692122
1116,4511640692122
1116,4511640692122
1116,4511640692122
1116,4511640692122
1116,4511640692122
1116,4511640692122
1116,4511640692122
1116,4511640692122
1116,4511640692122
1116,4511640692122
1116,4511640692122
1116,4511640692122
1116,4511640692122
1116,4511640692122
1116,4511640692122
1116,4511640692122
1116,4511640692122
1116,4511640692122
1116,4511640692122
1116,4511640692122
1116,4511640692122
1116,4511640692122
1116,4511640692122
1116,4511640692122
1116,4511640692122
1116,4511640692122
1116,4511640692122
1116,4511640692122
