83743,02799470694
83743,02799470694
83743,02799470694
83743,02799470694
83743,02799470694
83743,02799470694
78941,10898875371
78941,10898875371
78941,10898875371
78941,10898875371
78941,10898875371
78941,10898875371
78598,93297947964
78598,93297947964
78598,93297947964
78598,93297947964
78598,93297947964
78598,93297947964
77962,42638034756
77962,42638034756
77962,42638034756
77962,42638034756
77962,42638034756
77962,42638034756
77962,42638034756
77962,42638034756
77962,42638034756
77962,42638034756
77962,42638034756
77962,42638034756
77962,42638034756
77962,42638034756
77962,42638034756
77962,42638034756
77962,42638034756
77962,42638034756
77962,42638034756
77962,42638034756
77962,42638034756
77962,42638034756
77962,42638034756
77962,42638034756
77962,42638034756
77962,42638034756
77962,42638034756
77962,42638034756
77962,42638034756
77962,42638034756
77962,42638034756
77962,42638034756
77962,42638034756
77962,42638034756
77962,42638034756
77962,42638034756
77962,42638034756
77962,42638034756
77962,42638034756
77962,42638034756
77962,42638034756
77962,42638034756
77962,42638034756
77962,42638034756
77962,42638034756
77962,42638034756
77519,91061058051
77519,91061058051
77519,91061058051
77519,91061058051
77519,91061058051
77519,91061058051
77519,91061058051
77519,91061058051
77519,91061058051
77519,91061058051
77519,91061058051
77519,91061058051
77519,91061058051
77519,91061058051
77519,91061058051
77519,91061058051
77519,91061058051
77519,91061058051
77519,91061058051
77519,91061058051
77519,91061058051
77519,91061058051
77519,91061058051
77519,91061058051
77519,91061058051
77519,91061058051
77519,91061058051
77519,91061058051
77519,91061058051
77519,91061058051
77519,91061058051
77519,91061058051
77519,91061058051
77519,91061058051
77519,91061058051
77519,91061058051
77519,91061058051
77519,91061058051
77519,91061058051
77519,91061058051
77519,91061058051
77519,91061058051
77519,91061058051
77519,91061058051
77519,91061058051
77519,91061058051
77519,91061058051
77519,91061058051
77519,91061058051
77519,91061058051
77519,91061058051
77519,91061058051
77519,91061058051
77519,91061058051
77519,91061058051
77519,91061058051
77519,91061058051
77519,91061058051
77519,91061058051
77519,91061058051
77519,91061058051
77519,91061058051
77519,91061058051
77519,91061058051
77519,91061058051
77519,91061058051
77519,91061058051
77519,91061058051
77519,91061058051
77519,91061058051
77519,91061058051
77519,91061058051
77519,91061058051
77519,91061058051
76394,74927745097
76394,74927745097
76394,74927745097
76394,74927745097
76394,74927745097
76394,74927745097
76394,74927745097
76394,74927745097
76394,74927745097
76394,74927745097
76394,74927745097
76394,74927745097
76394,74927745097
76394,74927745097
76394,74927745097
76394,74927745097
76394,74927745097
76394,74927745097
76394,74927745097
76394,74927745097
76394,74927745097
76394,74927745097
76394,74927745097
76394,74927745097
76394,74927745097
76394,74927745097
76394,74927745097
76394,74927745097
76394,74927745097
76394,74927745097
76394,74927745097
76394,74927745097
76394,74927745097
76394,74927745097
76394,74927745097
76394,74927745097
76394,74927745097
76394,74927745097
76394,74927745097
76394,74927745097
76394,74927745097
76394,74927745097
76394,74927745097
76394,74927745097
76394,74927745097
76394,74927745097
76394,74927745097
76394,74927745097
76394,74927745097
76394,74927745097
76394,74927745097
76394,74927745097
76394,74927745097
76394,74927745097
76394,74927745097
76394,74927745097
76394,74927745097
76394,74927745097
76394,74927745097
76394,74927745097
76394,74927745097
76394,74927745097
76394,74927745097
76394,74927745097
76394,74927745097
76394,74927745097
76394,74927745097
76394,74927745097
76394,74927745097
76394,74927745097
76394,74927745097
76394,74927745097
76394,74927745097
76394,74927745097
76394,74927745097
76394,74927745097
76394,74927745097
76394,74927745097
76394,74927745097
76394,74927745097
76394,74927745097
76394,74927745097
76394,74927745097
76394,74927745097
76394,74927745097
76394,74927745097
76394,74927745097
76394,74927745097
76394,74927745097
76394,74927745097
76394,74927745097
76394,74927745097
76394,74927745097
76394,74927745097
76394,74927745097
76394,74927745097
76394,74927745097
76394,74927745097
76394,74927745097
76394,74927745097
76394,74927745097
76394,74927745097
76394,74927745097
76394,74927745097
76394,74927745097
76394,74927745097
76394,74927745097
76394,74927745097
76394,74927745097
76394,74927745097
76394,74927745097
76394,74927745097
76394,74927745097
76394,74927745097
76394,74927745097
76394,74927745097
76394,74927745097
76394,74927745097
76394,74927745097
76394,74927745097
76394,74927745097
76394,74927745097
76394,74927745097
76394,74927745097
76394,74927745097
76394,74927745097
76394,74927745097
76394,74927745097
76394,74927745097
76394,74927745097
76394,74927745097
76394,74927745097
76394,74927745097
76394,74927745097
76394,74927745097
76394,74927745097
76394,74927745097
76394,74927745097
76394,74927745097
76394,74927745097
76394,74927745097
76394,74927745097
76394,74927745097
76394,74927745097
76394,74927745097
76394,74927745097
76394,74927745097
76394,74927745097
76394,74927745097
76394,74927745097
76394,74927745097
76394,74927745097
76394,74927745097
76394,74927745097
76394,74927745097
76394,74927745097
76394,74927745097
76394,74927745097
76394,74927745097
76394,74927745097
76394,74927745097
76394,74927745097
