70137,54381779669
70137,54381779669
70137,54381779669
70137,54381779669
70137,54381779669
70137,54381779669
70137,54381779669
69855,68922008655
69855,68922008655
69855,68922008655
69855,68922008655
69855,68922008655
69855,68922008655
69855,68922008655
69855,68922008655
69855,68922008655
69855,68922008655
69119,39753031102
68015,98576337146
68015,98576337146
68015,98576337146
68015,98576337146
68015,98576337146
68015,98576337146
68015,98576337146
68015,98576337146
68015,98576337146
68015,98576337146
68015,98576337146
68015,98576337146
68015,98576337146
68015,98576337146
68015,98576337146
68015,98576337146
68015,98576337146
68015,98576337146
68015,98576337146
68015,98576337146
68015,98576337146
68015,98576337146
68015,98576337146
68015,98576337146
68015,98576337146
68015,98576337146
68015,98576337146
68015,98576337146
68015,98576337146
68015,98576337146
68015,98576337146
68015,98576337146
68015,98576337146
68015,98576337146
68015,98576337146
68015,98576337146
68015,98576337146
68015,98576337146
68015,98576337146
68015,98576337146
68015,98576337146
68015,98576337146
68015,98576337146
68015,98576337146
68015,98576337146
68015,98576337146
68015,98576337146
68015,98576337146
68015,98576337146
68015,98576337146
68015,98576337146
68015,98576337146
68015,98576337146
68015,98576337146
68015,98576337146
68015,98576337146
68015,98576337146
68015,98576337146
68015,98576337146
68015,98576337146
68015,98576337146
68015,98576337146
68015,98576337146
68015,98576337146
68015,98576337146
68015,98576337146
68015,98576337146
68015,98576337146
68015,98576337146
68015,98576337146
68015,98576337146
68015,98576337146
68015,98576337146
68015,98576337146
68015,98576337146
68015,98576337146
68015,98576337146
68015,98576337146
68015,98576337146
68015,98576337146
68015,98576337146
68015,98576337146
68015,98576337146
68015,98576337146
68015,98576337146
68015,98576337146
68015,98576337146
68015,98576337146
67004,01893663446
67004,01893663446
67004,01893663446
67004,01893663446
67004,01893663446
67004,01893663446
67004,01893663446
67004,01893663446
67004,01893663446
67004,01893663446
67004,01893663446
67004,01893663446
67004,01893663446
67004,01893663446
67004,01893663446
67004,01893663446
67004,01893663446
67004,01893663446
67004,01893663446
67004,01893663446
67004,01893663446
67004,01893663446
67004,01893663446
67004,01893663446
67004,01893663446
67004,01893663446
67004,01893663446
67004,01893663446
67004,01893663446
67004,01893663446
67004,01893663446
67004,01893663446
67004,01893663446
67004,01893663446
67004,01893663446
67004,01893663446
67004,01893663446
67004,01893663446
67004,01893663446
67004,01893663446
67004,01893663446
67004,01893663446
67004,01893663446
67004,01893663446
67004,01893663446
67004,01893663446
67004,01893663446
67004,01893663446
67004,01893663446
67004,01893663446
67004,01893663446
67004,01893663446
67004,01893663446
67004,01893663446
65886,7961066607
65886,7961066607
65886,7961066607
65886,7961066607
65886,7961066607
65886,7961066607
65886,7961066607
65886,7961066607
65886,7961066607
65886,7961066607
65886,7961066607
65886,7961066607
65886,7961066607
65886,7961066607
65886,7961066607
65886,7961066607
65886,7961066607
65886,7961066607
65886,7961066607
65886,7961066607
65886,7961066607
65886,7961066607
65886,7961066607
65886,7961066607
65886,7961066607
65886,7961066607
65886,7961066607
65886,7961066607
65886,7961066607
65886,7961066607
65886,7961066607
65886,7961066607
65886,7961066607
65886,7961066607
65886,7961066607
65886,7961066607
65886,7961066607
65886,7961066607
65886,7961066607
65886,7961066607
65886,7961066607
65886,7961066607
65886,7961066607
65886,7961066607
65886,7961066607
65886,7961066607
65886,7961066607
65886,7961066607
65886,7961066607
65886,7961066607
65886,7961066607
65886,7961066607
65886,7961066607
65886,7961066607
65886,7961066607
65886,7961066607
65886,7961066607
65886,7961066607
65886,7961066607
65886,7961066607
65886,7961066607
65886,7961066607
65886,7961066607
65886,7961066607
65886,7961066607
65886,7961066607
65886,7961066607
65886,7961066607
65886,7961066607
65886,7961066607
65886,7961066607
65886,7961066607
65886,7961066607
65886,7961066607
65886,7961066607
65886,7961066607
65886,7961066607
65886,7961066607
65886,7961066607
65886,7961066607
65886,7961066607
65886,7961066607
65886,7961066607
65886,7961066607
65886,7961066607
65886,7961066607
65886,7961066607
65886,7961066607
65886,7961066607
65886,7961066607
65886,7961066607
65886,7961066607
65886,7961066607
65886,7961066607
65886,7961066607
65886,7961066607
65886,7961066607
65886,7961066607
65886,7961066607
65886,7961066607
65886,7961066607
65886,7961066607
65886,7961066607
65886,7961066607
65886,7961066607
65886,7961066607
65886,7961066607
65886,7961066607
65886,7961066607
65886,7961066607
65886,7961066607
65886,7961066607
65886,7961066607
65886,7961066607
65886,7961066607
65886,7961066607
65886,7961066607
65886,7961066607
65886,7961066607
65568,52415693401
65568,52415693401
65568,52415693401
65568,52415693401
65568,52415693401
65568,52415693401
65568,52415693401
65568,52415693401
65568,52415693401
65568,52415693401
65568,52415693401
65568,52415693401
65568,52415693401
65568,52415693401
65568,52415693401
65568,52415693401
65568,52415693401
65568,52415693401
65568,52415693401
65568,52415693401
65568,52415693401
