1394.328180999355
1386.4522509799162
1358.2589524036953
1358.2589524036953
1358.2589524036953
1358.2589524036953
1358.2589524036953
1358.2589524036953
1358.2589524036953
1358.2589524036953
1358.2589524036953
1358.2589524036953
1358.2589524036953
1358.2589524036953
1358.2589524036953
1358.2589524036953
1358.2589524036953
1358.2589524036953
1358.2589524036953
1358.2589524036953
1358.2589524036953
1358.2589524036953
1358.2589524036953
1358.2589524036953
1358.2589524036953
1358.2589524036953
1358.2589524036953
1358.2589524036953
1358.2589524036953
1358.2589524036953
1358.2589524036953
1358.2589524036953
1358.2589524036953
1358.2589524036953
1358.2589524036953
1358.2589524036953
1358.2589524036953
1358.2589524036953
1358.2589524036953
1358.2589524036953
1358.2589524036953
1358.2589524036953
1358.2589524036953
1358.2589524036953
1327.8417856090093
1327.8417856090093
1327.8417856090093
1327.8417856090093
1327.8417856090093
1327.8417856090093
1327.8417856090093
1327.8417856090093
1327.8417856090093
1327.8417856090093
1327.8417856090093
1327.8417856090093
1327.8417856090093
1327.8417856090093
1327.8417856090093
1327.8417856090093
1327.8417856090093
1327.8417856090093
1327.8417856090093
1327.8417856090093
1296.9594477292885
1296.9594477292885
1296.9594477292885
1296.9594477292885
1296.9594477292885
1296.9594477292885
1296.9594477292885
1291.0629359757643
1291.0629359757643
1291.0629359757643
1291.0629359757643
1291.0629359757643
1291.0629359757643
1291.0629359757643
1291.0629359757643
1291.0629359757643
1231.1491282466584
1231.1491282466584
1231.1491282466584
1231.1491282466584
1231.1491282466584
1231.1491282466584
1231.1491282466584
1231.1491282466584
1231.1491282466584
1231.1491282466584
1231.1491282466584
1231.1491282466584
1231.1491282466584
1231.1491282466584
1231.1491282466584
1231.1491282466584
1231.1491282466584
1231.1491282466584
1231.1491282466584
1231.1491282466584
1231.1491282466584
1231.1491282466584
1231.1491282466584
1231.1491282466584
1231.1491282466584
1231.1491282466584
1231.1491282466584
1231.1491282466584
1231.1491282466584
1231.1491282466584
1231.1491282466584
1231.1491282466584
1231.1491282466584
1231.1491282466584
1231.1491282466584
1231.1491282466584
1231.1491282466584
1231.1491282466584
1231.1491282466584
1231.1491282466584
1231.1491282466584
1231.1491282466584
1231.1491282466584
1231.1491282466584
1231.1491282466584
1231.1491282466584
1231.1491282466584
1231.1491282466584
1231.1491282466584
1231.1491282466584
1231.1491282466584
1231.1491282466584
1231.1491282466584
1231.1491282466584
1231.1491282466584
1231.1491282466584
1231.1491282466584
1231.1491282466584
1231.1491282466584
1231.1491282466584
1231.1491282466584
1231.1491282466584
1231.1491282466584
1231.1491282466584
1231.1491282466584
1231.1491282466584
1231.1491282466584
1231.1491282466584
1231.1491282466584
1231.1491282466584
1231.1491282466584
1230.1787850991445
1230.1787850991445
1230.1787850991445
1230.1787850991445
1230.1787850991445
1230.1787850991445
1230.1787850991445
1230.1787850991445
1230.1787850991445
1230.1787850991445
1230.1787850991445
1230.1787850991445
1230.1787850991445
1230.1787850991445
1230.1787850991445
1230.1787850991445
1230.1787850991445
1230.1787850991445
1230.1787850991445
1230.1787850991445
1230.1787850991445
1230.1787850991445
1230.1787850991445
1230.1787850991445
1230.1787850991445
1230.1787850991445
1230.1787850991445
1230.1787850991445
1230.1787850991445
1230.1787850991445
1230.1787850991445
1230.1787850991445
1230.1787850991445
1230.1787850991445
1230.1787850991445
1230.1787850991445
1230.1787850991445
1230.1787850991445
1230.1787850991445
1230.1787850991445
1230.1787850991445
1230.1787850991445
1230.1787850991445
1230.1787850991445
1230.1787850991445
1230.1787850991445
1230.1787850991445
1230.1787850991445
1230.1787850991445
1230.1787850991445
1230.1787850991445
1230.1787850991445
1230.1787850991445
1230.1787850991445
1230.1787850991445
1230.1787850991445
1230.1787850991445
1230.1787850991445
1230.1787850991445
1230.1787850991445
1230.1787850991445
1230.1787850991445
1230.1787850991445
1230.1787850991445
1230.1787850991445
1230.1787850991445
1230.1787850991445
1230.1787850991445
1230.1787850991445
1230.1787850991445
1230.1787850991445
1230.1787850991445
1230.1787850991445
1230.1787850991445
1230.1787850991445
1230.1787850991445
1230.1787850991445
1230.1787850991445
1230.1787850991445
1230.1787850991445
1230.1787850991445
1230.1787850991445
1230.1787850991445
1230.1787850991445
1230.1787850991445
1230.1787850991445
1230.1787850991445
1230.1787850991445
1230.1787850991445
1230.1787850991445
1230.1787850991445
1230.1787850991445
1230.1787850991445
1230.1787850991445
1230.1787850991445
1230.1787850991445
1230.1787850991445
1230.1787850991445
1230.1787850991445
1230.1787850991445
1230.1787850991445
1230.1787850991445
1230.1787850991445
1230.1787850991445
1230.1787850991445
1230.1787850991445
1230.1787850991445
1230.1787850991445
1230.1787850991445
1230.1787850991445
1230.1787850991445
1230.1787850991445
1230.1787850991445
1230.1787850991445
1230.1787850991445
1230.1787850991445
1230.1787850991445
1230.1787850991445
1230.1787850991445
1230.1787850991445
1230.1787850991445
1230.1787850991445
1230.1787850991445
1230.1787850991445
1230.1787850991445
1230.1787850991445
1230.1787850991445
1230.1787850991445
1230.1787850991445
1230.1787850991445
1230.1787850991445
1230.1787850991445
1230.1787850991445
1230.1787850991445
1230.1787850991445
1230.1787850991445
1230.1787850991445
1230.1787850991445
1230.1787850991445
1230.1787850991445
1230.1787850991445
1230.1787850991445
1230.1787850991445
1230.1787850991445
1230.1787850991445
1230.1787850991445
1230.1787850991445
1230.1787850991445
1230.1787850991445
1230.1787850991445
1230.1787850991445
1230.1787850991445
1230.1787850991445
1230.1787850991445
1230.1787850991445
1230.1787850991445
1230.1787850991445
1230.1787850991445
1230.1787850991445
1230.1787850991445
1230.1787850991445
1230.1787850991445
1230.1787850991445
1230.1787850991445
1230.1787850991445
1230.1787850991445
1230.1787850991445
1230.1787850991445
1230.1787850991445
1230.1787850991445
1230.1787850991445
1230.1787850991445
1230.1787850991445
1230.1787850991445
1230.1787850991445
1230.1787850991445
1230.1787850991445
1230.1787850991445
1230.1787850991445
1230.1787850991445
1230.1787850991445
1230.1787850991445
1230.1787850991445
1230.1787850991445
1230.1787850991445
1230.1787850991445
1230.1787850991445
1230.1787850991445
1230.1787850991445
1230.1787850991445
1230.1787850991445
1230.1787850991445
1230.1787850991445
1230.1787850991445
1230.1787850991445
1230.1787850991445
1230.1787850991445
1230.1787850991445
1230.1787850991445
1230.1787850991445
1230.1787850991445
1230.1787850991445
1230.1787850991445
1230.1787850991445
1230.1787850991445
1230.1787850991445
1230.1787850991445
1230.1787850991445
1230.1787850991445
1230.1787850991445
1230.1787850991445
1230.1787850991445
1230.1787850991445
1230.1787850991445
1230.1787850991445
1230.1787850991445
1230.1787850991445
1230.1787850991445
1230.1787850991445
1230.1787850991445
1230.1787850991445
1230.1787850991445
1230.1787850991445
1230.1787850991445
1230.1787850991445
1230.1787850991445
1230.1787850991445
1230.1787850991445
1230.1787850991445
1230.1787850991445
1230.1787850991445
1230.1787850991445
1230.1787850991445
1230.1787850991445
1230.1787850991445
1230.1787850991445
1230.1787850991445
1230.1787850991445
1230.1787850991445
1230.1787850991445
1230.1787850991445
1230.1787850991445
1230.1787850991445
1230.1787850991445
1230.1787850991445
1230.1787850991445
1230.1787850991445
1230.1787850991445
1230.1787850991445
