46099,82209009972
46099,82209009972
46099,82209009972
46099,82209009972
46099,82209009972
46099,82209009972
46099,82209009972
46099,82209009972
46099,82209009972
46099,82209009972
46099,82209009972
46099,82209009972
46099,82209009972
46099,82209009972
46099,82209009972
46099,82209009972
46099,82209009972
46099,82209009972
46099,82209009972
46099,82209009972
46099,82209009972
46099,82209009972
46099,82209009972
46099,82209009972
46099,82209009972
46099,82209009972
46099,82209009972
46099,82209009972
46099,82209009972
46099,82209009972
45294,60997489448
45294,60997489448
45294,60997489448
45294,60997489448
45294,60997489448
41605,62670205993
41605,62670205993
41605,62670205993
41605,62670205993
41605,62670205993
41605,62670205993
41605,62670205993
41605,62670205993
41605,62670205993
41605,62670205993
41605,62670205993
41605,62670205993
41605,62670205993
41605,62670205993
41605,62670205993
41605,62670205993
41605,62670205993
41605,62670205993
41605,62670205993
41605,62670205993
41605,62670205993
41605,62670205993
41605,62670205993
41605,62670205993
41605,62670205993
41605,62670205993
41605,62670205993
41605,62670205993
41605,62670205993
41605,62670205993
41605,62670205993
41605,62670205993
41605,62670205993
41605,62670205993
41605,62670205993
41605,62670205993
41605,62670205993
41605,62670205993
41605,62670205993
41605,62670205993
41605,62670205993
41605,62670205993
41605,62670205993
41605,62670205993
41605,62670205993
41605,62670205993
41605,62670205993
41605,62670205993
41605,62670205993
41605,62670205993
41605,62670205993
41605,62670205993
41605,62670205993
41605,62670205993
41605,62670205993
41605,62670205993
41605,62670205993
41605,62670205993
41605,62670205993
41605,62670205993
41605,62670205993
41605,62670205993
41605,62670205993
41605,62670205993
41605,62670205993
41605,62670205993
41605,62670205993
41605,62670205993
41605,62670205993
41605,62670205993
41605,62670205993
41605,62670205993
41605,62670205993
41605,62670205993
41605,62670205993
41605,62670205993
41605,62670205993
41605,62670205993
41605,62670205993
41605,62670205993
41605,62670205993
41605,62670205993
41605,62670205993
41605,62670205993
41605,62670205993
41605,62670205993
41605,62670205993
41605,62670205993
41605,62670205993
41605,62670205993
41605,62670205993
41605,62670205993
41605,62670205993
41218,9347604377
41218,9347604377
41218,9347604377
41218,9347604377
41218,9347604377
41218,9347604377
41218,9347604377
41218,9347604377
41218,9347604377
41218,9347604377
41218,9347604377
41218,9347604377
41218,9347604377
41218,9347604377
41218,9347604377
41218,9347604377
41218,9347604377
41218,9347604377
41218,9347604377
41218,9347604377
41218,9347604377
41218,9347604377
41218,9347604377
41218,9347604377
41218,9347604377
41218,9347604377
41218,9347604377
41218,9347604377
41218,9347604377
41218,9347604377
41218,9347604377
41218,9347604377
41218,9347604377
41218,9347604377
41218,9347604377
41218,9347604377
41218,9347604377
41218,9347604377
41218,9347604377
41218,9347604377
41218,9347604377
41218,9347604377
41218,9347604377
41218,9347604377
41218,9347604377
41218,9347604377
41218,9347604377
41218,9347604377
41218,9347604377
41218,9347604377
41218,9347604377
41218,9347604377
41218,9347604377
41218,9347604377
41218,9347604377
41218,9347604377
41218,9347604377
41218,9347604377
41218,9347604377
41218,9347604377
41218,9347604377
41218,9347604377
41218,9347604377
41218,9347604377
41218,9347604377
41218,9347604377
41218,9347604377
41218,9347604377
41218,9347604377
41218,9347604377
41218,9347604377
41218,9347604377
