60159,584924634815
60159,584924634815
60159,584924634815
57025,79168733623
57025,79168733623
57025,79168733623
57025,79168733623
54388,47294243783
54388,47294243783
52128,347942179294
52128,347942179294
52128,347942179294
52128,347942179294
52128,347942179294
52128,347942179294
52128,347942179294
52128,347942179294
52128,347942179294
52128,347942179294
52128,347942179294
52128,347942179294
52128,347942179294
52128,347942179294
52128,347942179294
52128,347942179294
52128,347942179294
52128,347942179294
52128,347942179294
52128,347942179294
52128,347942179294
52128,347942179294
52128,347942179294
52128,347942179294
52128,347942179294
52128,347942179294
52128,347942179294
52128,347942179294
52128,347942179294
52128,347942179294
52128,347942179294
52128,347942179294
52128,347942179294
52128,347942179294
52128,347942179294
52128,347942179294
52128,347942179294
52128,347942179294
52128,347942179294
52128,347942179294
52128,347942179294
52128,347942179294
52128,347942179294
52128,347942179294
52128,347942179294
52128,347942179294
52128,347942179294
52128,347942179294
52128,347942179294
52128,347942179294
52128,347942179294
52128,347942179294
52128,347942179294
52128,347942179294
52128,347942179294
52128,347942179294
52128,347942179294
52128,347942179294
52128,347942179294
52128,347942179294
52128,347942179294
52128,347942179294
52128,347942179294
52128,347942179294
52128,347942179294
52128,347942179294
52128,347942179294
52128,347942179294
52128,347942179294
52128,347942179294
52128,347942179294
52128,347942179294
52128,347942179294
52128,347942179294
52128,347942179294
52128,347942179294
52128,347942179294
52128,347942179294
52128,347942179294
52128,347942179294
52128,347942179294
52128,347942179294
52128,347942179294
52128,347942179294
52128,347942179294
52128,347942179294
52128,347942179294
52128,347942179294
52128,347942179294
52128,347942179294
52128,347942179294
52128,347942179294
52128,347942179294
52128,347942179294
52128,347942179294
52128,347942179294
52128,347942179294
52128,347942179294
52128,347942179294
52128,347942179294
52128,347942179294
52128,347942179294
52128,347942179294
52128,347942179294
52128,347942179294
52128,347942179294
52128,347942179294
52128,347942179294
52128,347942179294
52128,347942179294
52128,347942179294
52128,347942179294
52128,347942179294
52128,347942179294
52128,347942179294
52128,347942179294
52128,347942179294
52128,347942179294
52128,347942179294
52128,347942179294
52128,347942179294
52128,347942179294
52128,347942179294
52128,347942179294
52128,347942179294
52128,347942179294
52128,347942179294
52128,347942179294
52128,347942179294
52128,347942179294
52128,347942179294
52128,347942179294
52128,347942179294
52128,347942179294
52128,347942179294
52128,347942179294
52128,347942179294
52128,347942179294
52128,347942179294
52128,347942179294
52128,347942179294
52128,347942179294
52128,347942179294
52128,347942179294
52128,347942179294
52128,347942179294
52128,347942179294
52128,347942179294
52128,347942179294
52128,347942179294
52128,347942179294
52128,347942179294
52128,347942179294
52128,347942179294
52128,347942179294
52128,347942179294
52128,347942179294
52128,347942179294
52128,347942179294
52128,347942179294
52128,347942179294
52128,347942179294
52128,347942179294
52128,347942179294
52128,347942179294
52128,347942179294
52128,347942179294
52128,347942179294
52128,347942179294
52128,347942179294
52128,347942179294
52128,347942179294
52128,347942179294
52128,347942179294
52128,347942179294
52128,347942179294
52128,347942179294
52128,347942179294
52128,347942179294
52128,347942179294
52128,347942179294
52128,347942179294
52128,347942179294
52128,347942179294
52128,347942179294
52128,347942179294
52128,347942179294
52128,347942179294
52128,347942179294
52128,347942179294
52128,347942179294
52128,347942179294
52128,347942179294
52128,347942179294
52128,347942179294
52128,347942179294
52128,347942179294
52128,347942179294
52128,347942179294
52128,347942179294
52128,347942179294
52128,347942179294
52128,347942179294
52128,347942179294
52128,347942179294
52128,347942179294
52128,347942179294
52128,347942179294
52128,347942179294
52128,347942179294
52128,347942179294
52128,347942179294
52128,347942179294
52128,347942179294
52128,347942179294
52128,347942179294
52128,347942179294
52128,347942179294
52128,347942179294
52128,347942179294
52128,347942179294
52128,347942179294
52128,347942179294
52128,347942179294
52128,347942179294
52128,347942179294
52128,347942179294
52128,347942179294
52128,347942179294
52128,347942179294
52128,347942179294
52128,347942179294
52128,347942179294
52128,347942179294
52128,347942179294
52128,347942179294
52128,347942179294
52128,347942179294
52128,347942179294
52128,347942179294
52128,347942179294
52128,347942179294
51854,687336280986
51854,687336280986
51854,687336280986
51854,687336280986
51854,687336280986
51854,687336280986
51854,687336280986
51854,687336280986
51854,687336280986
51854,687336280986
51854,687336280986
51854,687336280986
51854,687336280986
51854,687336280986
51854,687336280986
51854,687336280986
51854,687336280986
51854,687336280986
51854,687336280986
51854,687336280986
51854,687336280986
51854,687336280986
51854,687336280986
51854,687336280986
51854,687336280986
51854,687336280986
51854,687336280986
51854,687336280986
51854,687336280986
51854,687336280986
51854,687336280986
51854,687336280986
51854,687336280986
51360,795726214405
51360,795726214405
51360,795726214405
51360,795726214405
51360,795726214405
51360,795726214405
51360,795726214405
51360,795726214405
51360,795726214405
51360,795726214405
51360,795726214405
51360,795726214405
51360,795726214405
51360,795726214405
51360,795726214405
51360,795726214405
