65663,7711872463
62875,376837223266
62115,50657776629
62115,50657776629
62115,50657776629
59049,80891237467
59049,80891237467
59049,80891237467
59049,80891237467
59049,80891237467
59049,80891237467
59049,80891237467
59049,80891237467
59049,80891237467
59049,80891237467
59049,80891237467
59049,80891237467
59049,80891237467
59049,80891237467
59049,80891237467
59049,80891237467
59049,80891237467
59049,80891237467
59049,80891237467
59049,80891237467
59049,80891237467
59049,80891237467
59049,80891237467
59049,80891237467
59049,80891237467
59049,80891237467
59049,80891237467
59049,80891237467
59049,80891237467
59049,80891237467
59049,80891237467
59049,80891237467
59049,80891237467
59049,80891237467
59049,80891237467
59049,80891237467
59049,80891237467
59049,80891237467
59049,80891237467
59049,80891237467
59049,80891237467
59049,80891237467
59049,80891237467
59045,34713999646
59045,34713999646
59045,34713999646
59045,34713999646
59045,34713999646
59045,34713999646
59045,34713999646
59045,34713999646
59045,34713999646
59045,34713999646
59045,34713999646
59045,34713999646
59045,34713999646
59045,34713999646
59045,34713999646
59045,34713999646
59045,34713999646
59045,34713999646
59045,34713999646
59045,34713999646
59045,34713999646
59045,34713999646
59045,34713999646
59045,34713999646
59045,34713999646
59045,34713999646
59045,34713999646
59045,34713999646
59045,34713999646
59045,34713999646
59045,34713999646
59045,34713999646
59045,34713999646
59045,34713999646
59045,34713999646
58902,87957025352
58902,87957025352
58902,87957025352
57389,988286846885
57389,988286846885
57389,988286846885
57389,988286846885
57389,988286846885
57389,988286846885
57389,988286846885
57389,988286846885
57389,988286846885
57389,988286846885
57389,988286846885
57389,988286846885
57389,988286846885
57389,988286846885
57389,988286846885
57389,988286846885
57389,988286846885
57389,988286846885
57389,988286846885
57389,988286846885
57389,988286846885
57389,988286846885
57389,988286846885
57389,988286846885
57389,988286846885
57389,988286846885
57389,988286846885
57389,988286846885
57389,988286846885
57389,988286846885
57389,988286846885
57389,988286846885
57389,988286846885
57389,988286846885
57389,988286846885
57389,988286846885
57389,988286846885
57389,988286846885
57389,988286846885
57389,988286846885
57389,988286846885
57389,988286846885
57389,988286846885
57389,988286846885
57389,988286846885
57389,988286846885
57389,988286846885
57389,988286846885
57389,988286846885
57389,988286846885
57389,988286846885
57389,988286846885
57389,988286846885
57389,988286846885
57389,988286846885
57389,988286846885
57389,988286846885
57389,988286846885
57389,988286846885
57389,988286846885
57389,988286846885
57389,988286846885
57389,988286846885
57389,988286846885
57389,988286846885
57389,988286846885
57389,988286846885
57389,988286846885
57389,988286846885
57389,988286846885
57389,988286846885
57389,988286846885
57389,988286846885
57389,988286846885
57389,988286846885
57389,988286846885
57389,988286846885
57389,988286846885
57389,988286846885
57389,988286846885
57389,988286846885
57389,988286846885
57389,988286846885
57389,988286846885
57389,988286846885
57389,988286846885
57389,988286846885
57389,988286846885
57389,988286846885
57389,988286846885
57389,988286846885
57389,988286846885
57389,988286846885
57389,988286846885
57389,988286846885
57389,988286846885
57389,988286846885
57389,988286846885
57389,988286846885
57389,988286846885
57389,988286846885
57389,988286846885
57389,988286846885
57389,988286846885
57389,988286846885
57389,988286846885
57389,988286846885
57389,988286846885
57389,988286846885
57389,988286846885
57389,988286846885
57389,988286846885
57389,988286846885
57389,988286846885
57389,988286846885
57389,988286846885
57389,988286846885
57389,988286846885
57389,988286846885
57389,988286846885
57389,988286846885
57389,988286846885
57389,988286846885
57389,988286846885
57389,988286846885
57389,988286846885
57389,988286846885
57389,988286846885
57389,988286846885
57389,988286846885
57389,988286846885
57389,988286846885
57389,988286846885
57389,988286846885
57389,988286846885
57389,988286846885
57389,988286846885
57389,988286846885
57389,988286846885
57389,988286846885
57389,988286846885
57389,988286846885
57389,988286846885
57389,988286846885
57389,988286846885
57389,988286846885
57389,988286846885
57389,988286846885
57389,988286846885
57389,988286846885
57389,988286846885
57389,988286846885
57389,988286846885
57389,988286846885
57389,988286846885
57389,988286846885
57389,988286846885
57389,988286846885
57389,988286846885
57389,988286846885
57389,988286846885
57389,988286846885
57389,988286846885
57389,988286846885
57389,988286846885
57389,988286846885
57389,988286846885
57389,988286846885
57389,988286846885
57389,988286846885
57389,988286846885
57389,988286846885
57389,988286846885
57389,988286846885
57389,988286846885
57389,988286846885
57389,988286846885
57389,988286846885
57389,988286846885
57389,988286846885
57389,988286846885
57389,988286846885
57389,988286846885
57389,988286846885
57389,988286846885
57389,988286846885
57389,988286846885
57389,988286846885
57389,988286846885
57389,988286846885
57389,988286846885
57389,988286846885
57389,988286846885
57389,988286846885
57389,988286846885
57389,988286846885
57389,988286846885
57389,988286846885
57389,988286846885
57389,988286846885
57389,988286846885
57389,988286846885
57389,988286846885
57389,988286846885
57389,988286846885
57389,988286846885
57389,988286846885
57389,988286846885
57389,988286846885
57389,988286846885
57389,988286846885
57389,988286846885
57389,988286846885
57389,988286846885
