1169.4336443720285
1514.6508445959007
1540.9647618216363
1552.1520191998222
1559.8101585508405
1565.675864157671
1578.913386409737
1617.2125020464991
1668.6849203891773
1671.4549875890466
1686.0890232032664
1690.9813638243181
1706.228233219484
1708.078180198351
1709.544075839438
1717.7222615296055
1726.8087599680227
1733.365782250546
1736.3923744852032
1757.0576317075386
1760.8324969472346
1773.2051788863068
1784.1515182073922
1790.843978729673
1803.9178769512062
1828.1804988163246
1828.267094661615
1834.77851373827
1842.2559772570376
1851.505496649714
1853.2508839396344
1854.4162582553822
1855.2593215683335
1868.4912981131597
1878.354407045894
1879.734726543375
1899.9692621619163
1903.4700335926025
1919.3829595667517
1930.2573548823748
1951.300064444909
1957.7594343719823
1962.9428367945006
1972.3592334956215
1983.9545962107745
1997.356699806055
1999.663815393093
2014.8678427322286
2016.8470100357802
2043.9079075259754
2052.5234380712923
2053.168083552046
2060.195975335
2076.837273415023
2082.486198456486
2093.071036703826
2106.550903048732
2108.7536599963682
2111.516002234474
2123.4019436773633
2124.4513686436608
2137.959353253664
2139.564532901005
2200.2945995233626
2204.3623590072957
2214.2168692787427
2229.4954892526084
2230.022185010623
2277.034909781511
2289.2451086776214
2330.2126675033987
2345.248239999069
2367.2057110491646
2401.3746375662386
2434.350731281727
2434.511592405304
2450.3521069825006
2490.2660608628985
2587.207758562424
2629.8050315503046
