55633,41610540427
55633,41610540427
55633,41610540427
55633,41610540427
55633,41610540427
55633,41610540427
55633,41610540427
55633,41610540427
55633,41610540427
55633,41610540427
55065,8706451078
55065,8706451078
55065,8706451078
55065,8706451078
55065,8706451078
55065,8706451078
55065,8706451078
55065,8706451078
55065,8706451078
55065,8706451078
55065,8706451078
55065,8706451078
55065,8706451078
55065,8706451078
54132,1816831834
54132,1816831834
54132,1816831834
54132,1816831834
54132,1816831834
54132,1816831834
54132,1816831834
54132,1816831834
54132,1816831834
54132,1816831834
54132,1816831834
54132,1816831834
54093,36562240321
54093,36562240321
52348,45982677124
52348,45982677124
52348,45982677124
52348,45982677124
52348,45982677124
52348,45982677124
52348,45982677124
52348,45982677124
52348,45982677124
52348,45982677124
52348,45982677124
52348,45982677124
52348,45982677124
52348,45982677124
52348,45982677124
52348,45982677124
52348,45982677124
52348,45982677124
52348,45982677124
52348,45982677124
52348,45982677124
52348,45982677124
52348,45982677124
52348,45982677124
52348,45982677124
52348,45982677124
52348,45982677124
52348,45982677124
52348,45982677124
52348,45982677124
52348,45982677124
52348,45982677124
52348,45982677124
52348,45982677124
52348,45982677124
52348,45982677124
52348,45982677124
52348,45982677124
52348,45982677124
52348,45982677124
52348,45982677124
52348,45982677124
52348,45982677124
52348,45982677124
52348,45982677124
52348,45982677124
52348,45982677124
52348,45982677124
52348,45982677124
52348,45982677124
52348,45982677124
52348,45982677124
52348,45982677124
52348,45982677124
52348,45982677124
52348,45982677124
52348,45982677124
52348,45982677124
52348,45982677124
52348,45982677124
52348,45982677124
52348,45982677124
52348,45982677124
52348,45982677124
52348,45982677124
52348,45982677124
52348,45982677124
52348,45982677124
52348,45982677124
52348,45982677124
52348,45982677124
52348,45982677124
52348,45982677124
52348,45982677124
52348,45982677124
52348,45982677124
52348,45982677124
52348,45982677124
52348,45982677124
52348,45982677124
52348,45982677124
52348,45982677124
52348,45982677124
52348,45982677124
52348,45982677124
52348,45982677124
52348,45982677124
52348,45982677124
52348,45982677124
52348,45982677124
52348,45982677124
52348,45982677124
52348,45982677124
52348,45982677124
52348,45982677124
52348,45982677124
52348,45982677124
52348,45982677124
52348,45982677124
52348,45982677124
52348,45982677124
52348,45982677124
52348,45982677124
52348,45982677124
52348,45982677124
52348,45982677124
52348,45982677124
52348,45982677124
52348,45982677124
52348,45982677124
52348,45982677124
52348,45982677124
52348,45982677124
52348,45982677124
52348,45982677124
52348,45982677124
52348,45982677124
52348,45982677124
52348,45982677124
52348,45982677124
52348,45982677124
52348,45982677124
52348,45982677124
52348,45982677124
52348,45982677124
52348,45982677124
52348,45982677124
52348,45982677124
52348,45982677124
52348,45982677124
52348,45982677124
52348,45982677124
52348,45982677124
52348,45982677124
52348,45982677124
52348,45982677124
52348,45982677124
52348,45982677124
52348,45982677124
52348,45982677124
52348,45982677124
52348,45982677124
52348,45982677124
52348,45982677124
52348,45982677124
52348,45982677124
52348,45982677124
52348,45982677124
52348,45982677124
52348,45982677124
52348,45982677124
52348,45982677124
52348,45982677124
52348,45982677124
52348,45982677124
52348,45982677124
52348,45982677124
52348,45982677124
52348,45982677124
52348,45982677124
52348,45982677124
52348,45982677124
52348,45982677124
52348,45982677124
52348,45982677124
52348,45982677124
52348,45982677124
52348,45982677124
52348,45982677124
52348,45982677124
52348,45982677124
52348,45982677124
52348,45982677124
52348,45982677124
52348,45982677124
52348,45982677124
52348,45982677124
52348,45982677124
52348,45982677124
52348,45982677124
52348,45982677124
52348,45982677124
52348,45982677124
52348,45982677124
52348,45982677124
52348,45982677124
52348,45982677124
52348,45982677124
52348,45982677124
52348,45982677124
51664,070590476906
51664,070590476906
51664,070590476906
51664,070590476906
51664,070590476906
51664,070590476906
51664,070590476906
51664,070590476906
51664,070590476906
51664,070590476906
51664,070590476906
51664,070590476906
51664,070590476906
51664,070590476906
51664,070590476906
51664,070590476906
51664,070590476906
51664,070590476906
51664,070590476906
51664,070590476906
51664,070590476906
51664,070590476906
51664,070590476906
51664,070590476906
51664,070590476906
51664,070590476906
51664,070590476906
51664,070590476906
51664,070590476906
51664,070590476906
51664,070590476906
51664,070590476906
51664,070590476906
51664,070590476906
51664,070590476906
51664,070590476906
51664,070590476906
51664,070590476906
51664,070590476906
51664,070590476906
51664,070590476906
51664,070590476906
51664,070590476906
51664,070590476906
51664,070590476906
51664,070590476906
51664,070590476906
51664,070590476906
51664,070590476906
51664,070590476906
51664,070590476906
51664,070590476906
51664,070590476906
51664,070590476906
51664,070590476906
51664,070590476906
51664,070590476906
51664,070590476906
51664,070590476906
51664,070590476906
51664,070590476906
51664,070590476906
51664,070590476906
51664,070590476906
51664,070590476906
51664,070590476906
51664,070590476906
51664,070590476906
51664,070590476906
51664,070590476906
51664,070590476906
51664,070590476906
